<?xml version="1.0" encoding="UTF-8"?>
<!-- Generated by org.testng.reporters.JUnitReportReporter -->
<testsuite hostname="vsandesara-m1.local" name="Template.MegaMenu" tests="2" failures="0" timestamp="30 May 2018 14:55:36 GMT" time="64.581" errors="0">
  <testcase name="add_ToursAndCruises_SubMenus_And_SubMenus_SubItems" time="31.558" classname="Template.MegaMenu"/>
  <testcase name="create_MegaMenu_And_SubMenus" time="33.023" classname="Template.MegaMenu"/>
</testsuite> <!-- Template.MegaMenu -->
