<?xml version="1.0" encoding="UTF-8"?>
<!-- Generated by org.testng.reporters.JUnitReportReporter -->
<testsuite hostname="vsandesara-m1.local" name="Template.EditorialTemplate.EditorialTemplate" tests="4" failures="0" timestamp="20 Jun 2018 21:42:07 GMT" time="65.696" errors="0">
  <testcase name="add_Editorial_Quotes_Component_Inside_EditorialTemplate" time="21.328" classname="Template.EditorialTemplate.EditorialTemplate"/>
  <testcase name="add_Editorial_Quotes_Component_Inside_EditorialTemplate" time="15.393" classname="Template.EditorialTemplate.EditorialTemplate"/>
  <testcase name="createEditorialTemplate" time="9.946" classname="Template.EditorialTemplate.EditorialTemplate"/>
  <testcase name="add_Editorial_Quotes_Component_Inside_EditorialTemplate" time="19.029" classname="Template.EditorialTemplate.EditorialTemplate"/>
</testsuite> <!-- Template.EditorialTemplate.EditorialTemplate -->
