<?xml version="1.0" encoding="UTF-8"?>
<!-- Generated by org.testng.reporters.JUnitReportReporter -->
<testsuite hostname="vsandesara-m1.local" name="Template.ShipDetail" tests="2" failures="0" timestamp="12 Jul 2018 22:53:33 GMT" time="32.194" errors="0">
  <testcase name="Create_Ship_Inside_Home_Folder" time="9.896" classname="Template.ShipDetail"/>
  <testcase name="input_Onboard_Experience_Section_Fields" time="22.298" classname="Template.ShipDetail"/>
</testsuite> <!-- Template.ShipDetail -->
