<?xml version="1.0" encoding="UTF-8"?>
<!-- Generated by org.testng.reporters.JUnitReportReporter -->
<testsuite hostname="vsandesara-m1.local" name="Template.testEditorial" tests="2" failures="0" timestamp="9 Apr 2018 01:19:49 GMT" time="14.086" errors="0">
  <testcase name="add_TextCopyFolderComponent_Inside_EditorialTemplate" time="8.751" classname="Template.testEditorial"/>
  <testcase name="testAnother" time="5.335" classname="Template.testEditorial"/>
</testsuite> <!-- Template.testEditorial -->
