<?xml version="1.0" encoding="UTF-8"?>
<!-- Generated by org.testng.reporters.JUnitReportReporter -->
<testsuite hostname="vsandesara-m1.local" name="Template.ShipDetail" tests="7" failures="0" timestamp="24 Sep 2018 15:34:37 GMT" time="255.408" errors="0">
  <testcase name="Create_Deck_Plans_CabinCategories_Inside_CabinCategory_Folder" time="33.514" classname="Template.ShipDetail"/>
  <testcase name="Create_Deck_Plans_CabinCategories_Inside_CabinCategory_Folder" time="34.733" classname="Template.ShipDetail"/>
  <testcase name="Create_Ship_Inside_Data_Folder" time="17.963" classname="Template.ShipDetail"/>
  <testcase name="Create_Deck_Plans_CabinCategories_Folder" time="17.167" classname="Template.ShipDetail"/>
  <testcase name="Create_Deck_Plans_CabinCategories_Inside_CabinCategory_Folder" time="70.122" classname="Template.ShipDetail"/>
  <testcase name="Create_Deck_Plans_CabinCategories_Inside_CabinCategory_Folder" time="32.653" classname="Template.ShipDetail"/>
  <testcase name="Create_Deck_Plans_CabinCategories_Inside_CabinCategory_Folder" time="49.256" classname="Template.ShipDetail"/>
</testsuite> <!-- Template.ShipDetail -->
