<?xml version="1.0" encoding="UTF-8"?>
<!-- Generated by org.testng.reporters.JUnitReportReporter -->
<testsuite hostname="vsandesara-m1.local" name="Template.EditorialTemplate.EditorialTemplate" tests="1" failures="0" timestamp="19 Jun 2018 03:22:23 GMT" time="20.018" errors="0">
  <testcase name="createEditorialTemplate" time="20.018" classname="Template.EditorialTemplate.EditorialTemplate"/>
</testsuite> <!-- Template.EditorialTemplate.EditorialTemplate -->
