<?xml version="1.0" encoding="UTF-8"?>
<!-- Generated by org.testng.reporters.JUnitReportReporter -->
<testsuite hostname="vsandesara-m1.local" name="Template.HomePageTemplate" tests="5" failures="0" timestamp="16 Jul 2018 19:48:32 GMT" time="100.823" errors="0">
  <testcase name="createLeadGenerationFolderInsideGlobal" time="8.902" classname="Template.HomePageTemplate"/>
  <testcase name="mapDataSourceWithFrontEndControls" time="63.553" classname="Template.HomePageTemplate"/>
  <testcase name="createTravellingWithTaucksFolderInsideGlobal" time="9.034" classname="Template.HomePageTemplate"/>
  <testcase name="createHomeTemplate" time="9.963" classname="Template.HomePageTemplate"/>
  <testcase name="createLeadGenerationCopyFolderInsideGlobal" time="9.371" classname="Template.HomePageTemplate"/>
</testsuite> <!-- Template.HomePageTemplate -->
